<?xml version="1.0" encoding="UTF-8"?>
<testsuite name="com.carle.cubetest.CardAdd" time="2.812" tests="1" errors="0" skipped="0" failures="1">
  <properties>
[...]
</properties>
  <testcase name="addCard" classname="com.carle.cubetest.CardAdd" time="2.812">
    <failure message="expected:&lt;true&gt; but was:&lt;false&gt;" type="java.lang.AssertionError"><![CDATA[java.lang.AssertionError: expected:<true> but was:<false>
	at org.junit.Assert.fail(Assert.java:93)
	at org.junit.Assert.failNotEquals(Assert.java:647)
	at org.junit.Assert.assertEquals(Assert.java:128)
	at org.junit.Assert.assertEquals(Assert.java:147)
	at com.carle.cubetest.CardAdd.addCard(CardAdd.java:89)
]]></failure>
    <system-err>1501584411422	geckodriver	INFO	geckodriver 0.18.0
1501584411431	geckodriver	INFO	Listening on 127.0.0.1:25966
log4j:WARN No appenders could be found for logger (org.apache.http.client.protocol.RequestAddCookies).
log4j:WARN Please initialize the log4j system properly.
log4j:WARN See http://logging.apache.org/log4j/1.2/faq.html#noconfig for more info.
1501584411816	geckodriver::marionette	INFO	Starting browser C:\Program Files (x86)\Mozilla Firefox\firefox.exe with args ["-marionette"]
1501584415458	Marionette	INFO	Listening on port 56456
Aug 01, 2017 12:46:55 PM org.openqa.selenium.remote.ProtocolHandshake createSession
INFO: Detected dialect: W3C
</system-err>
  </testcase>
</testsuite>